  Assembling test.asm...
test.asm(1): error A2044: invalid character in file
test.asm(2): error A2044: invalid character in file
test.asm(3): error A2044: invalid character in file
test.asm(4): error A2044: invalid character in file
test.asm(5): error A2044: invalid character in file
test.asm(6): error A2044: invalid character in file
test.asm(7): error A2044: invalid character in file
test.asm(8): error A2044: invalid character in file
test.asm(8): error A2088: END directive required at end of file
C:\Program Files (x86)\Microsoft Visual Studio\2019\Community\MSBuild\Microsoft\VC\v160\BuildCustomizations\masm.targets(70,5): error MSB3721: "ml.exe /c /nologo /Zi /Fo"Debug\test.obj" /W3 /errorReport:prompt  /Tatest.asm" 명령이 종료되었습니다(코드: 1).
